#
# A fatal error has been detected by the Java Runtime Environment:
#
#  SIGILL (0x4) at pc=0x00007fff5c6f95e2, pid=98964, tid=0x0000000000000307
#
# JRE version: Java(TM) 2 Runtime Environment, Standard Edition (8.0_121-b13) (build 1.8.0_121-b13 14_Feb_2017_06_58 Mac OS X x64(SR4 FP1))
# Java VM: Java HotSpot(TM) 64-Bit Server VM (25.121-b13 mixed mode bsd-amd64 compressed oops)
# Problematic frame:
# C  [libsystem_platform.dylib+0x45e2]  _os_unfair_lock_recursive_abort+0x17
#
# Failed to write core dump. Core dumps have been disabled. To enable core dumping, try "ulimit -c unlimited" before starting Java again
#
# If you would like to submit a bug report, please visit:
#   http://bugreport.java.com/bugreport/crash.jsp
# The crash happened outside the Java Virtual Machine in native code.
# See problematic frame for where to report the bug.
#

---------------  T H R E A D  ---------------

Current thread (0x00007fd499b5f000):  JavaThread "AppKit Thread" daemon [_thread_in_native, id=775, stack(0x00007ffee1b7d000,0x00007ffee237d000)]

siginfo: si_signo: 4 (SIGILL), si_code: 1 (ILL_ILLOPC), si_addr: 0x00007fff5c6f95e2

Registers:
RAX=0x0000000000000307, RBX=0x0000000001010002, RCX=0x00007fff5c6fba0c, RDX=0x0000000000010001
RSP=0x00007ffee2377518, RBP=0x00007ffee2377550, RSI=0x0000000000000307, RDI=0x0000000000000307
R8 =0x9e3779b97f4a7c55, R9 =0x0000000000000001, R10=0x00007fd4a92785a0, R11=0x00007fd4a9200000
R12=0x000000010d88ea00, R13=0x0000000000000307, R14=0x0000000000000307, R15=0x0000000000010000
RIP=0x00007fff5c6f95e2, EFLAGS=0x0000000000010202, ERR=0x0000000000000000
  TRAPNO=0x0000000000000006

Top of Stack: (sp=0x00007ffee2377518)
0x00007ffee2377518:   00007fff5c6f9710 0000000000000307
0x00007ffee2377528:   0000000000000000 000000010d88ea00
0x00007ffee2377538:   0000000000000001 000000010d88c080
0x00007ffee2377548:   00007fd4a92785a0 00007ffee23775b0
0x00007ffee2377558:   00007fff5c63507a 00018294e2377570
0x00007ffee2377568:   00007fd4a9200000 0000000000000000
0x00007ffee2377578:   000000010d88ea00 00007fd49ccabfc0
0x00007ffee2377588:   00007ffee2378978 000000000000000c
0x00007ffee2377598:   00007fd489400000 0000000000000006
0x00007ffee23775a8:   000000010d88c080 00007ffee2377610
0x00007ffee23775b8:   0000000197e35da6 00007fd49f9b7068
0x00007ffee23775c8:   00007ffee2377f20 00007ffee2377610
0x00007ffee23775d8:   0000000197ed92ce 0000000000000000
0x00007ffee23775e8:   00007ffee2377f20 00007ffee2377f20
0x00007ffee23775f8:   00007ffee2377f20 000182949f9b706e
0x00007ffee2377608:   00007fd49ccabfc0 00007ffee2378450
0x00007ffee2377618:   0000000197e23ecc 00007ffee23776b0
0x00007ffee2377628:   000000012bd85b83 00002dc000000000
0x00007ffee2377638:   00007fd4a32f0030 00007ffee2377700
0x00007ffee2377648:   000000012bd93983 000020007a000003
0x00007ffee2377658:   00007fd4a32f6620 0000000000000008
0x00007ffee2377668:   00007fd4a47660c0 000000002b310080
0x00007ffee2377678:   0000000000000000 00007ffee23776c0
0x00007ffee2377688:   00007fff5c5c0a7e 0004b7b830817d6f
0x00007ffee2377698:   0004b7b88c44ce5e 00007ffee2378480
0x00007ffee23776a8:   0000000000000000 0000000000000000
0x00007ffee23776b8:   0000000000000000 00000000ffffffff
0x00007ffee23776c8:   0000000d00000000 00007ffee2377710
0x00007ffee23776d8:   00007fff5c5c0a7e 0000000200002f80
0x00007ffee23776e8:   00007fd4a423dc01 00007fd499515200
0x00007ffee23776f8:   00007fd4894b4408 00007fd4894b43f0
0x00007ffee2377708:   00007fd499515300 00007ffee23787c0 

Instructions: (pc=0x00007fff5c6f95e2)
0x00007fff5c6f95c2:   f0 0f b1 4f 08 0f 94 c0 c3 89 f8 48 8d 0d 38 24
0x00007fff5c6f95d2:   00 00 48 89 0d e5 dc e7 38 48 89 05 0e dd e7 38
0x00007fff5c6f95e2:   0f 0b 89 f8 48 8d 0d 6a 24 00 00 48 89 0d cc dc
0x00007fff5c6f95f2:   e7 38 48 89 05 f5 dc e7 38 0f 0b 89 f8 48 8d 0d 

Register to memory mapping:

RAX=0x0000000000000307 is an unknown value
RBX=0x0000000001010002 is an unknown value
RCX=0x00007fff5c6fba0c: _h+0x9c in /usr/lib/system/libsystem_platform.dylib at 0x00007fff5c6f5000
RDX=0x0000000000010001 is an unknown value
RSP=0x00007ffee2377518 is pointing into the stack for thread: 0x00007fd499b5f000
RBP=0x00007ffee2377550 is pointing into the stack for thread: 0x00007fd499b5f000
RSI=0x0000000000000307 is an unknown value
RDI=0x0000000000000307 is an unknown value
R8 =0x9e3779b97f4a7c55 is an unknown value
R9 =0x0000000000000001 is an unknown value
R10=0x00007fd4a92785a0 is an unknown value
R11=0x00007fd4a9200000 is an unknown value
R12=0x000000010d88ea00 is an unknown value
R13=0x0000000000000307 is an unknown value
R14=0x0000000000000307 is an unknown value
R15=0x0000000000010000 is an unknown value


Stack: [0x00007ffee1b7d000,0x00007ffee237d000],  sp=0x00007ffee2377518,  free space=8169k
Native frames: (J=compiled Java code, j=interpreted, Vv=VM code, C=native code)
C  [libsystem_platform.dylib+0x45e2]  _os_unfair_lock_recursive_abort+0x17
C  [libsystem_malloc.dylib+0x1a07a]  free_tiny+0x9a
C  [libspssstat.dylib+0x2bda6]  WB23FCE726FE76343h+0x120
C  [libspssstat.dylib+0x19ecc]  Z19C2CE2BE61FB23Fl+0xc44
C  [libspssstat.dylib+0x7fd6e]  Y3225C174857D7D32i+0x74
C  [libspssstat.dylib+0xe1848]  KF4CCEAD3C1E3A34Fy+0x1c2
C  [libsystem_platform.dylib+0x1f5a]  _sigtramp+0x1a
C  [CoreFoundation+0x5a408980]  __kCFAllocatorSystemDefault+0x0
C  [libsystem_malloc.dylib+0x19ac8]  tiny_free_no_lock+0x5aa
C  [libsystem_malloc.dylib+0x1a254]  free_tiny+0x274
C  [CoreFoundation+0x15e0b0]  _CFRelease+0x420
C  [CoreFoundation+0x24a4a]  __CFBasicHashDrain+0x1fa
C  [CoreFoundation+0x15ddac]  _CFRelease+0x11c
C  [CoreFoundation+0x12d55e]  cow_cleanup+0x7e
C  [CoreFoundation+0x2cbcd]  -[__NSArrayM dealloc]+0x2d
C  [libobjc.A.dylib+0xedb4]  _ZN11objc_object17sidetable_releaseEb+0x10a
C  [libawt_lwawt.dylib+0x9fcf]  +[AWTWindow getTopmostWindowUnderMouseID]+0x124
C  [libawt_lwawt.dylib+0x9e3f]  +[AWTWindow getTopmostWindowUnderMouse]+0x4e
C  [libawt_lwawt.dylib+0xd5c9]  Java_sun_lwawt_macosx_CPlatformWindow_nativeGetTopmostPlatformWindowUnderMouse+0x6d
J 6198  sun.lwawt.macosx.CPlatformWindow.nativeGetTopmostPlatformWindowUnderMouse()Lsun/lwawt/macosx/CPlatformWindow; (0 bytes) @ 0x0000000115a33eac [0x0000000115a33e00+0xac]
J 11563 C2 sun.lwawt.LWWindowPeer.notifyMouseEvent(IJIIIIIIIZ[B)V (661 bytes) @ 0x0000000116af8f60 [0x0000000116af8de0+0x180]
J 10630 C2 sun.lwawt.macosx.CPlatformView.deliverMouseEvent(Lsun/lwawt/macosx/NSEvent;)V (89 bytes) @ 0x00000001153a1bd4 [0x00000001153a1900+0x2d4]
v  ~StubRoutines::call_stub
V  [libjvm.dylib+0x2ed9d6]
V  [libjvm.dylib+0x324b65]
V  [libjvm.dylib+0x31747d]
C  [JavaNativeFoundation+0x367b]  JNFCallVoidMethod+0xaf
C  [libawt_lwawt.dylib+0x8014]  -[AWTView deliverJavaMouseEvent:]+0x353
C  [libawt_lwawt.dylib+0x80e1]  -[AWTView mouseMoved:]+0xa0
C  [AppKit+0x24f499]  -[NSTrackingArea mouseMoved:]+0x96
C  [AppKit+0x975f2c]  -[NSWindow(NSEventRouting) _reallySendEvent:isDelayedEvent:]+0x12b3
C  [AppKit+0x97485c]  -[NSWindow(NSEventRouting) sendEvent:]+0x1f1
C  [libawt_lwawt.dylib+0x9753]  -[AWTWindow_Normal sendEvent:]+0x56
C  [AppKit+0x7d5cff]  -[NSApplication(NSEvent) sendEvent:]+0x81b
C  [libosxapp.dylib+0x232c]  -[NSApplicationAWT sendEvent:]+0x17a
C  [AppKit+0x36d9d]  -[NSApplication run]+0x32c
C  [libosxapp.dylib+0x214d]  +[NSApplicationAWT runAWTLoopWithApp:]+0x9c
C  [libawt_lwawt.dylib+0x45ff7]  -[AWTStarter starter:]+0x389
C  [Foundation+0x68125]  __NSThreadPerformPerform+0x14e
C  [CoreFoundation+0xa35a1]  __CFRUNLOOP_IS_CALLING_OUT_TO_A_SOURCE0_PERFORM_FUNCTION__+0x11
C  [CoreFoundation+0x15d35c]  __CFRunLoopDoSource0+0x6c
C  [CoreFoundation+0x86040]  __CFRunLoopDoSources0+0xd0
C  [CoreFoundation+0x854bd]  __CFRunLoopRun+0x50d
C  [CoreFoundation+0x84d23]  CFRunLoopRunSpecific+0x1e3
C  [libjli.dylib+0x58fd]  CreateExecutionEnvironment+0x367
C  [libjli.dylib+0x1624]  JLI_Launch+0x7a0
C  [spssLauncher+0x34c8]  startStatistics+0xa28
C  [spssLauncher+0x3695]  main+0x175
C  [libdyld.dylib+0x1115]  start+0x1
C  0x0000000000000001

Java frames: (J=compiled Java code, j=interpreted, Vv=VM code)
J 6198  sun.lwawt.macosx.CPlatformWindow.nativeGetTopmostPlatformWindowUnderMouse()Lsun/lwawt/macosx/CPlatformWindow; (0 bytes) @ 0x0000000115a33e3e [0x0000000115a33e00+0x3e]
J 11563 C2 sun.lwawt.LWWindowPeer.notifyMouseEvent(IJIIIIIIIZ[B)V (661 bytes) @ 0x0000000116af8f60 [0x0000000116af8de0+0x180]
J 10630 C2 sun.lwawt.macosx.CPlatformView.deliverMouseEvent(Lsun/lwawt/macosx/NSEvent;)V (89 bytes) @ 0x00000001153a1bd4 [0x00000001153a1900+0x2d4]
v  ~StubRoutines::call_stub

---------------  P R O C E S S  ---------------

Java Threads: ( => current thread )
  0x00007fd49c1b0000 JavaThread "Image Fetcher 3" daemon [_thread_blocked, id=43559, stack(0x000070000fb8e000,0x000070000fc8e000)]
  0x00007fd499a73800 JavaThread "cleanup_scheduler" [_thread_blocked, id=129391, stack(0x000070000fa08000,0x000070000fb08000)]
  0x00007fd49f980800 JavaThread "Thread-12" [_thread_blocked, id=60695, stack(0x000070000f905000,0x000070000fa05000)]
  0x00007fd49f1e2000 JavaThread "TimerQueue" daemon [_thread_blocked, id=69635, stack(0x000070000f5fc000,0x000070000f6fc000)]
  0x00007fd49fa2a000 JavaThread "MsgReceiverThread" [_thread_blocked, id=55299, stack(0x000070000f3f6000,0x000070000f4f6000)]
  0x00007fd49a17f800 JavaThread "DataWriteThread" [_thread_blocked, id=70915, stack(0x000070000f2f3000,0x000070000f3f3000)]
  0x00007fd49c1b8000 JavaThread "DataReadThread" [_thread_in_native, id=71427, stack(0x000070000f1f0000,0x000070000f2f0000)]
  0x00007fd49f17b800 JavaThread "Thread-5" [_thread_in_native, id=54787, stack(0x000070000f0ed000,0x000070000f1ed000)]
  0x00007fd49c5fb800 JavaThread "Thread-4" [_thread_in_native, id=71691, stack(0x000070000efea000,0x000070000f0ea000)]
  0x00007fd49fa29800 JavaThread "process reaper" daemon [_thread_in_native, id=53799, stack(0x000070000efbf000,0x000070000efe7000)]
  0x00007fd49c150800 JavaThread "XML-RPC Weblistener" [_thread_in_native, id=53343, stack(0x000070000eebc000,0x000070000efbc000)]
  0x00007fd49bf7d000 JavaThread "AWT-EventQueue-0" [_thread_blocked, id=74243, stack(0x000070000ed36000,0x000070000ee36000)]
  0x00007fd49c252800 JavaThread "AWT-Shutdown" [_thread_blocked, id=77339, stack(0x000070000ea2d000,0x000070000eb2d000)]
  0x00007fd49bd91800 JavaThread "Java2D Queue Flusher" daemon [_thread_blocked, id=76807, stack(0x000070000eb30000,0x000070000ec30000)]
  0x00007fd49bda3000 JavaThread "Java2D Disposer" daemon [_thread_blocked, id=26659, stack(0x000070000e7a1000,0x000070000e8a1000)]
=>0x00007fd499b5f000 JavaThread "AppKit Thread" daemon [_thread_in_native, id=775, stack(0x00007ffee1b7d000,0x00007ffee237d000)]
  0x00007fd4999e7000 JavaThread "Timer-0" daemon [_thread_blocked, id=15875, stack(0x000070000e61b000,0x000070000e71b000)]
  0x00007fd499828800 JavaThread "Service Thread" daemon [_thread_blocked, id=16643, stack(0x000070000e415000,0x000070000e515000)]
  0x00007fd49b071000 JavaThread "C1 CompilerThread2" daemon [_thread_blocked, id=17155, stack(0x000070000e312000,0x000070000e412000)]
  0x00007fd49a874000 JavaThread "C2 CompilerThread1" daemon [_thread_blocked, id=17667, stack(0x000070000e20f000,0x000070000e30f000)]
  0x00007fd49a004800 JavaThread "C2 CompilerThread0" daemon [_thread_blocked, id=14083, stack(0x000070000e10c000,0x000070000e20c000)]
  0x00007fd49a004000 JavaThread "Signal Dispatcher" daemon [_thread_blocked, id=12551, stack(0x000070000e009000,0x000070000e109000)]
  0x00007fd49a010000 JavaThread "Finalizer" daemon [_thread_blocked, id=19715, stack(0x000070000df06000,0x000070000e006000)]
  0x00007fd49a00c800 JavaThread "Reference Handler" daemon [_thread_blocked, id=12035, stack(0x000070000de03000,0x000070000df03000)]
  0x00007fd49a843800 JavaThread "main" [_thread_blocked, id=7171, stack(0x000070000d7f1000,0x000070000d8f1000)]

Other Threads:
  0x00007fd49a899800 VMThread [stack: 0x000070000dd00000,0x000070000de00000] [id=20227]
  0x00007fd49a021800 WatcherThread [stack: 0x000070000e518000,0x000070000e618000] [id=16387]

VM state:not at safepoint (normal execution)

VM Mutex/Monitor currently owned by a thread: None

Heap:
 PSYoungGen      total 139264K, used 51181K [0x00000007a0000000, 0x00000007a9380000, 0x00000007c0000000)
  eden space 133120K, 33% used [0x00000007a0000000,0x00000007a2bfcd38,0x00000007a8200000)
  from space 6144K, 99% used [0x00000007a8200000,0x00000007a87fe988,0x00000007a8800000)
  to   space 8192K, 0% used [0x00000007a8b80000,0x00000007a8b80000,0x00000007a9380000)
 ParOldGen       total 98304K, used 90695K [0x0000000760000000, 0x0000000766000000, 0x00000007a0000000)
  object space 98304K, 92% used [0x0000000760000000,0x0000000765891e38,0x0000000766000000)
 Metaspace       used 53414K, capacity 54032K, committed 54960K, reserved 1095680K
  class space    used 7560K, capacity 7706K, committed 7856K, reserved 1048576K

Card table byte_map: [0x000000010f562000,0x000000010f863000] byte_map_base: 0x000000010ba62000

Marking Bits: (ParMarkBitMap*) 0x000000010eaf0d30
 Begin Bits: [0x000000010fa63000, 0x0000000111263000)
 End Bits:   [0x0000000111263000, 0x0000000112a63000)

Polling page: 0x000000010d985000

CodeCache: size=245760Kb used=36778Kb max_used=36784Kb free=208981Kb
 bounds [0x0000000114de7000, 0x0000000117237000, 0x0000000123de7000]
 total_blobs=11139 nmethods=10332 adapters=715
 compilation: enabled

Compilation events (10 events):
Event: 4516.085 Thread 0x00007fd49a874000 14424       4       java.awt.image.BufferedImage::<init> (1088 bytes)
Event: 4516.104 Thread 0x00007fd49a874000 nmethod 14424 0x0000000117229150 code [0x00000001172293a0, 0x0000000117229f48]
Event: 4516.159 Thread 0x00007fd49b071000 14425       3       java.awt.image.DirectColorModel::getAlphaMask (16 bytes)
Event: 4516.160 Thread 0x00007fd49b071000 nmethod 14425 0x000000011620b090 code [0x000000011620b200, 0x000000011620b3d0]
Event: 4516.189 Thread 0x00007fd49a004800 14426       4       com.apple.laf.AquaComboBoxRendererInternal::getBaseline (9 bytes)
Event: 4516.191 Thread 0x00007fd49a004800 nmethod 14426 0x000000011620ac50 code [0x000000011620adc0, 0x000000011620aee8]
Event: 4516.205 Thread 0x00007fd49b071000 14427  s    3       sun.java2d.opengl.OGLGeneralBlit::Blit (96 bytes)
Event: 4516.206 Thread 0x00007fd49b071000 nmethod 14427 0x00000001171e7e10 code [0x00000001171e7fe0, 0x00000001171e8a08]
Event: 4516.206 Thread 0x00007fd49b071000 14428       3       sun.java2d.loops.GraphicsPrimitive::convertFrom (84 bytes)
Event: 4516.207 Thread 0x00007fd49b071000 nmethod 14428 0x0000000115805650 code [0x0000000115805800, 0x0000000115805d38]

GC Heap History (10 events):
Event: 4408.015 GC heap before
{Heap before GC invocations=160 (full 7):
 PSYoungGen      total 135680K, used 134158K [0x00000007a0000000, 0x00000007a8b00000, 0x00000007c0000000)
  eden space 129536K, 100% used [0x00000007a0000000,0x00000007a7e80000,0x00000007a7e80000)
  from space 6144K, 75% used [0x00000007a8480000,0x00000007a8903948,0x00000007a8a80000)
  to   space 6144K, 0% used [0x00000007a7e80000,0x00000007a7e80000,0x00000007a8480000)
 ParOldGen       total 98304K, used 86398K [0x0000000760000000, 0x0000000766000000, 0x00000007a0000000)
  object space 98304K, 87% used [0x0000000760000000,0x000000076545fae8,0x0000000766000000)
 Metaspace       used 53329K, capacity 53968K, committed 54960K, reserved 1095680K
  class space    used 7559K, capacity 7706K, committed 7856K, reserved 1048576K
Event: 4408.019 GC heap after
Heap after GC invocations=160 (full 7):
 PSYoungGen      total 135680K, used 4376K [0x00000007a0000000, 0x00000007a8c80000, 0x00000007c0000000)
  eden space 129536K, 0% used [0x00000007a0000000,0x00000007a0000000,0x00000007a7e80000)
  from space 6144K, 71% used [0x00000007a7e80000,0x00000007a82c63f0,0x00000007a8480000)
  to   space 6144K, 0% used [0x00000007a8680000,0x00000007a8680000,0x00000007a8c80000)
 ParOldGen       total 98304K, used 86695K [0x0000000760000000, 0x0000000766000000, 0x00000007a0000000)
  object space 98304K, 88% used [0x0000000760000000,0x00000007654a9c20,0x0000000766000000)
 Metaspace       used 53329K, capacity 53968K, committed 54960K, reserved 1095680K
  class space    used 7559K, capacity 7706K, committed 7856K, reserved 1048576K
}
Event: 4412.559 GC heap before
{Heap before GC invocations=161 (full 7):
 PSYoungGen      total 135680K, used 133912K [0x00000007a0000000, 0x00000007a8c80000, 0x00000007c0000000)
  eden space 129536K, 100% used [0x00000007a0000000,0x00000007a7e80000,0x00000007a7e80000)
  from space 6144K, 71% used [0x00000007a7e80000,0x00000007a82c63f0,0x00000007a8480000)
  to   space 6144K, 0% used [0x00000007a8680000,0x00000007a8680000,0x00000007a8c80000)
 ParOldGen       total 98304K, used 86695K [0x0000000760000000, 0x0000000766000000, 0x00000007a0000000)
  object space 98304K, 88% used [0x0000000760000000,0x00000007654a9c20,0x0000000766000000)
 Metaspace       used 53356K, capacity 53968K, committed 54960K, reserved 1095680K
  class space    used 7559K, capacity 7706K, committed 7856K, reserved 1048576K
Event: 4412.563 GC heap after
Heap after GC invocations=161 (full 7):
 PSYoungGen      total 137728K, used 4639K [0x00000007a0000000, 0x00000007a8c80000, 0x00000007c0000000)
  eden space 131584K, 0% used [0x00000007a0000000,0x00000007a0000000,0x00000007a8080000)
  from space 6144K, 75% used [0x00000007a8680000,0x00000007a8b07c60,0x00000007a8c80000)
  to   space 6144K, 0% used [0x00000007a8080000,0x00000007a8080000,0x00000007a8680000)
 ParOldGen       total 98304K, used 86695K [0x0000000760000000, 0x0000000766000000, 0x00000007a0000000)
  object space 98304K, 88% used [0x0000000760000000,0x00000007654a9c20,0x0000000766000000)
 Metaspace       used 53356K, capacity 53968K, committed 54960K, reserved 1095680K
  class space    used 7559K, capacity 7706K, committed 7856K, reserved 1048576K
}
Event: 4413.685 GC heap before
{Heap before GC invocations=162 (full 7):
 PSYoungGen      total 137728K, used 136223K [0x00000007a0000000, 0x00000007a8c80000, 0x00000007c0000000)
  eden space 131584K, 100% used [0x00000007a0000000,0x00000007a8080000,0x00000007a8080000)
  from space 6144K, 75% used [0x00000007a8680000,0x00000007a8b07c60,0x00000007a8c80000)
  to   space 6144K, 0% used [0x00000007a8080000,0x00000007a8080000,0x00000007a8680000)
 ParOldGen       total 98304K, used 86695K [0x0000000760000000, 0x0000000766000000, 0x00000007a0000000)
  object space 98304K, 88% used [0x0000000760000000,0x00000007654a9c20,0x0000000766000000)
 Metaspace       used 53358K, capacity 53968K, committed 54960K, reserved 1095680K
  class space    used 7559K, capacity 7706K, committed 7856K, reserved 1048576K
Event: 4413.690 GC heap after
Heap after GC invocations=162 (full 7):
 PSYoungGen      total 137728K, used 4607K [0x00000007a0000000, 0x00000007a8e80000, 0x00000007c0000000)
  eden space 131584K, 0% used [0x00000007a0000000,0x00000007a0000000,0x00000007a8080000)
  from space 6144K, 74% used [0x00000007a8080000,0x00000007a84ffc60,0x00000007a8680000)
  to   space 6144K, 0% used [0x00000007a8880000,0x00000007a8880000,0x00000007a8e80000)
 ParOldGen       total 98304K, used 86703K [0x0000000760000000, 0x0000000766000000, 0x00000007a0000000)
  object space 98304K, 88% used [0x0000000760000000,0x00000007654abc20,0x0000000766000000)
 Metaspace       used 53358K, capacity 53968K, committed 54960K, reserved 1095680K
  class space    used 7559K, capacity 7706K, committed 7856K, reserved 1048576K
}
Event: 4459.955 GC heap before
{Heap before GC invocations=163 (full 7):
 PSYoungGen      total 137728K, used 136191K [0x00000007a0000000, 0x00000007a8e80000, 0x00000007c0000000)
  eden space 131584K, 100% used [0x00000007a0000000,0x00000007a8080000,0x00000007a8080000)
  from space 6144K, 74% used [0x00000007a8080000,0x00000007a84ffc60,0x00000007a8680000)
  to   space 6144K, 0% used [0x00000007a8880000,0x00000007a8880000,0x00000007a8e80000)
 ParOldGen       total 98304K, used 86703K [0x0000000760000000, 0x0000000766000000, 0x00000007a0000000)
  object space 98304K, 88% used [0x0000000760000000,0x00000007654abc20,0x0000000766000000)
 Metaspace       used 53363K, capacity 54032K, committed 54960K, reserved 1095680K
  class space    used 7560K, capacity 7706K, committed 7856K, reserved 1048576K
Event: 4459.960 GC heap after
Heap after GC invocations=163 (full 7):
 PSYoungGen      total 138752K, used 4119K [0x00000007a0000000, 0x00000007a8e00000, 0x00000007c0000000)
  eden space 133120K, 0% used [0x00000007a0000000,0x00000007a0000000,0x00000007a8200000)
  from space 5632K, 73% used [0x00000007a8880000,0x00000007a8c85ee0,0x00000007a8e00000)
  to   space 6144K, 0% used [0x00000007a8200000,0x00000007a8200000,0x00000007a8800000)
 ParOldGen       total 98304K, used 86941K [0x0000000760000000, 0x0000000766000000, 0x00000007a0000000)
  object space 98304K, 88% used [0x0000000760000000,0x00000007654e76a0,0x0000000766000000)
 Metaspace       used 53363K, capacity 54032K, committed 54960K, reserved 1095680K
  class space    used 7560K, capacity 7706K, committed 7856K, reserved 1048576K
}
Event: 4515.910 GC heap before
{Heap before GC invocations=164 (full 7):
 PSYoungGen      total 138752K, used 137239K [0x00000007a0000000, 0x00000007a8e00000, 0x00000007c0000000)
  eden space 133120K, 100% used [0x00000007a0000000,0x00000007a8200000,0x00000007a8200000)
  from space 5632K, 73% used [0x00000007a8880000,0x00000007a8c85ee0,0x00000007a8e00000)
  to   space 6144K, 0% used [0x00000007a8200000,0x00000007a8200000,0x00000007a8800000)
 ParOldGen       total 98304K, used 86941K [0x0000000760000000, 0x0000000766000000, 0x00000007a0000000)
  object space 98304K, 88% used [0x0000000760000000,0x00000007654e76a0,0x0000000766000000)
 Metaspace       used 53376K, capacity 54032K, committed 54960K, reserved 1095680K
  class space    used 7560K, capacity 7706K, committed 7856K, reserved 1048576K
Event: 4515.921 GC heap after
Heap after GC invocations=164 (full 7):
 PSYoungGen      total 139264K, used 6138K [0x00000007a0000000, 0x00000007a9380000, 0x00000007c0000000)
  eden space 133120K, 0% used [0x00000007a0000000,0x00000007a0000000,0x00000007a8200000)
  from space 6144K, 99% used [0x00000007a8200000,0x00000007a87fe988,0x00000007a8800000)
  to   space 8192K, 0% used [0x00000007a8b80000,0x00000007a8b80000,0x00000007a9380000)
 ParOldGen       total 98304K, used 90695K [0x0000000760000000, 0x0000000766000000, 0x00000007a0000000)
  object space 98304K, 92% used [0x0000000760000000,0x0000000765891e38,0x0000000766000000)
 Metaspace       used 53376K, capacity 54032K, committed 54960K, reserved 1095680K
  class space    used 7560K, capacity 7706K, committed 7856K, reserved 1048576K
}

Deoptimization events (10 events):
Event: 4286.824 Thread 0x00007fd49a65c800 Uncommon trap: reason=class_check action=maybe_recompile pc=0x0000000115146b60 method=org.apache.xerces.dom.CharacterDataImpl.getNodeValue()Ljava/lang/String; @ 8
Event: 4286.824 Thread 0x00007fd49a65c800 Uncommon trap: reason=class_check action=maybe_recompile pc=0x0000000116c8a2fc method=org.apache.xml.serializer.ToStream.writeNormalizedChars([CIIZZ)V @ 1068
Event: 4286.826 Thread 0x00007fd49a65c800 Uncommon trap: reason=class_check action=maybe_recompile pc=0x0000000115146b60 method=org.apache.xerces.dom.CharacterDataImpl.getNodeValue()Ljava/lang/String; @ 8
Event: 4286.848 Thread 0x00007fd49bf7d000 Uncommon trap: reason=unstable_if action=reinterpret pc=0x0000000116473f14 method=sun.util.locale.provider.LocaleResources.removeEmptyReferences()V @ 9
Event: 4286.896 Thread 0x00007fd49bf7d000 Uncommon trap: reason=unstable_if action=reinterpret pc=0x0000000116e32adc method=javax.swing.RepaintManager.collectDirtyComponents(Ljava/util/Map;Ljava/awt/Component;Ljava/util/List;)V @ 80
Event: 4293.251 Thread 0x00007fd49a65c800 Uncommon trap: reason=unstable_if action=reinterpret pc=0x0000000115dbf1bc method=org.apache.xerces.impl.XMLDocumentFragmentScannerImpl$FragmentContentDispatcher.dispatch(Z)Z @ 459
Event: 4307.130 Thread 0x00007fd49a65c800 Uncommon trap: reason=unstable_if action=reinterpret pc=0x0000000115086370 method=sun.nio.cs.UTF_8$Encoder.encodeArrayLoop(Ljava/nio/CharBuffer;Ljava/nio/ByteBuffer;)Ljava/nio/charset/CoderResult; @ 134
Event: 4344.998 Thread 0x00007fd49bf7d000 Uncommon trap: reason=bimorphic action=maybe_recompile pc=0x0000000116023f64 method=java.awt.Component.processMouseMotionEvent(Ljava/awt/event/MouseEvent;)V @ 52
Event: 4458.922 Thread 0x00007fd49bf7d000 Uncommon trap: reason=unstable_if action=reinterpret pc=0x00000001159fda60 method=sun.awt.AppContext.getSoftReferenceValue(Ljava/lang/Object;Ljava/util/function/Supplier;)Ljava/lang/Object; @ 25
Event: 4516.149 Thread 0x00007fd49c1b0000 Uncommon trap: reason=range_check action=make_not_entrant pc=0x0000000117229ac0 method=java.awt.image.DirectColorModel.getRedMask()I @ 5

Internal exceptions (10 events):
Event: 4478.110 Thread 0x00007fd49c150800 Exception <a 'java/net/SocketTimeoutException': Accept timed out> (0x00000007a39528c8) thrown at [/Users/java_re/workspace/8-2-build-macosx-x86_64/jdk8u121/8372/hotspot/src/share/vm/prims/jni.cpp, line 735]
Event: 4482.208 Thread 0x00007fd49c150800 Exception <a 'java/net/SocketTimeoutException': Accept timed out> (0x00000007a3b7d420) thrown at [/Users/java_re/workspace/8-2-build-macosx-x86_64/jdk8u121/8372/hotspot/src/share/vm/prims/jni.cpp, line 735]
Event: 4486.304 Thread 0x00007fd49c150800 Exception <a 'java/net/SocketTimeoutException': Accept timed out> (0x00000007a3b7d7b8) thrown at [/Users/java_re/workspace/8-2-build-macosx-x86_64/jdk8u121/8372/hotspot/src/share/vm/prims/jni.cpp, line 735]
Event: 4490.405 Thread 0x00007fd49c150800 Exception <a 'java/net/SocketTimeoutException': Accept timed out> (0x00000007a4383a88) thrown at [/Users/java_re/workspace/8-2-build-macosx-x86_64/jdk8u121/8372/hotspot/src/share/vm/prims/jni.cpp, line 735]
Event: 4494.504 Thread 0x00007fd49c150800 Exception <a 'java/net/SocketTimeoutException': Accept timed out> (0x00000007a4383e20) thrown at [/Users/java_re/workspace/8-2-build-macosx-x86_64/jdk8u121/8372/hotspot/src/share/vm/prims/jni.cpp, line 735]
Event: 4498.604 Thread 0x00007fd49c150800 Exception <a 'java/net/SocketTimeoutException': Accept timed out> (0x00000007a43841b8) thrown at [/Users/java_re/workspace/8-2-build-macosx-x86_64/jdk8u121/8372/hotspot/src/share/vm/prims/jni.cpp, line 735]
Event: 4502.704 Thread 0x00007fd49c150800 Exception <a 'java/net/SocketTimeoutException': Accept timed out> (0x00000007a4624eb8) thrown at [/Users/java_re/workspace/8-2-build-macosx-x86_64/jdk8u121/8372/hotspot/src/share/vm/prims/jni.cpp, line 735]
Event: 4506.804 Thread 0x00007fd49c150800 Exception <a 'java/net/SocketTimeoutException': Accept timed out> (0x00000007a4625250) thrown at [/Users/java_re/workspace/8-2-build-macosx-x86_64/jdk8u121/8372/hotspot/src/share/vm/prims/jni.cpp, line 735]
Event: 4510.904 Thread 0x00007fd49c150800 Exception <a 'java/net/SocketTimeoutException': Accept timed out> (0x00000007a4805858) thrown at [/Users/java_re/workspace/8-2-build-macosx-x86_64/jdk8u121/8372/hotspot/src/share/vm/prims/jni.cpp, line 735]
Event: 4515.004 Thread 0x00007fd49c150800 Exception <a 'java/net/SocketTimeoutException': Accept timed out> (0x00000007a4805bf0) thrown at [/Users/java_re/workspace/8-2-build-macosx-x86_64/jdk8u121/8372/hotspot/src/share/vm/prims/jni.cpp, line 735]

Events (10 events):
Event: 4516.063 Executing VM operation: BulkRevokeBias done
Event: 4516.074 Thread 0x00007fd49c1b0000 DEOPT PACKING pc=0x0000000115f814ee sp=0x000070000fc8d500
Event: 4516.074 Thread 0x00007fd49c1b0000 DEOPT UNPACKING pc=0x0000000114e2e633 sp=0x000070000fc8d230 mode 0
Event: 4516.148 Executing VM operation: RevokeBias
Event: 4516.149 Executing VM operation: RevokeBias done
Event: 4516.149 Thread 0x00007fd49c1b0000 Uncommon trap: trap_request=0xffffffe4 fr.pc=0x0000000117229ac0
Event: 4516.149 Thread 0x00007fd49c1b0000 DEOPT PACKING pc=0x0000000117229ac0 sp=0x000070000fc8d460
Event: 4516.149 Thread 0x00007fd49c1b0000 DEOPT UNPACKING pc=0x0000000114dec229 sp=0x000070000fc8d378 mode 2
Event: 4516.195 Executing VM operation: BulkRevokeBias
Event: 4516.195 Executing VM operation: BulkRevokeBias done


Dynamic libraries:
0x000000000d1e2000 	/System/Library/Frameworks/Cocoa.framework/Versions/A/Cocoa
0x000000000d1e2000 	/usr/lib/libstdc++.6.0.9.dylib
0x000000000d1e2000 	/usr/lib/libSystem.B.dylib
0x000000000d1e2000 	/System/Library/Frameworks/CoreFoundation.framework/Versions/A/CoreFoundation
0x000000000d1e2000 	/usr/lib/libobjc.A.dylib
0x000000000d1e2000 	/System/Library/Frameworks/Foundation.framework/Versions/C/Foundation
0x000000000d1e2000 	/System/Library/Frameworks/AppKit.framework/Versions/C/AppKit
0x000000000d1e2000 	/System/Library/Frameworks/CoreData.framework/Versions/A/CoreData
0x000000000d1e2000 	/System/Library/PrivateFrameworks/RemoteViewServices.framework/Versions/A/RemoteViewServices
0x000000000d1e2000 	/System/Library/PrivateFrameworks/UIFoundation.framework/Versions/A/UIFoundation
0x000000000d1e2000 	/System/Library/PrivateFrameworks/DFRFoundation.framework/Versions/A/DFRFoundation
0x000000000d1e2000 	/System/Library/Frameworks/Metal.framework/Versions/A/Metal
0x000000000d1e2000 	/System/Library/PrivateFrameworks/DesktopServicesPriv.framework/Versions/A/DesktopServicesPriv
0x000000000d1e2000 	/usr/lib/libenergytrace.dylib
0x000000000d1e2000 	/System/Library/PrivateFrameworks/SkyLight.framework/Versions/A/SkyLight
0x000000000d1e2000 	/System/Library/Frameworks/CoreGraphics.framework/Versions/A/CoreGraphics
0x000000000d1e2000 	/usr/lib/libScreenReader.dylib
0x000000000d1e2000 	/System/Library/Frameworks/Accelerate.framework/Versions/A/Accelerate
0x000000000d1e2000 	/System/Library/Frameworks/IOSurface.framework/Versions/A/IOSurface
0x000000000d1e2000 	/System/Library/Frameworks/ApplicationServices.framework/Versions/A/ApplicationServices
0x000000000d1e2000 	/System/Library/Frameworks/AudioToolbox.framework/Versions/A/AudioToolbox
0x000000000d1e2000 	/System/Library/Frameworks/AudioUnit.framework/Versions/A/AudioUnit
0x000000000d1e2000 	/System/Library/PrivateFrameworks/DataDetectorsCore.framework/Versions/A/DataDetectorsCore
0x000000000d1e2000 	/System/Library/Frameworks/Carbon.framework/Versions/A/Frameworks/HIToolbox.framework/Versions/A/HIToolbox
0x000000000d1e2000 	/usr/lib/libicucore.A.dylib
0x000000000d1e2000 	/usr/lib/libz.1.dylib
0x000000000d1e2000 	/System/Library/Frameworks/QuartzCore.framework/Versions/A/QuartzCore
0x000000000d1e2000 	/System/Library/Frameworks/Security.framework/Versions/A/Security
0x000000000d1e2000 	/System/Library/Frameworks/Carbon.framework/Versions/A/Frameworks/SpeechRecognition.framework/Versions/A/SpeechRecognition
0x000000000d1e2000 	/usr/lib/libauto.dylib
0x000000000d1e2000 	/usr/lib/libxml2.2.dylib
0x000000000d1e2000 	/System/Library/PrivateFrameworks/CoreUI.framework/Versions/A/CoreUI
0x000000000d1e2000 	/System/Library/Frameworks/CoreAudio.framework/Versions/A/CoreAudio
0x000000000d1e2000 	/System/Library/Frameworks/DiskArbitration.framework/Versions/A/DiskArbitration
0x000000000d1e2000 	/usr/lib/liblangid.dylib
0x000000000d1e2000 	/System/Library/PrivateFrameworks/MultitouchSupport.framework/Versions/A/MultitouchSupport
0x000000000d1e2000 	/System/Library/Frameworks/IOKit.framework/Versions/A/IOKit
0x000000000d1e2000 	/usr/lib/libDiagnosticMessagesClient.dylib
0x000000000d1e2000 	/System/Library/Frameworks/CoreServices.framework/Versions/A/CoreServices
0x000000000d1e2000 	/System/Library/PrivateFrameworks/PerformanceAnalysis.framework/Versions/A/PerformanceAnalysis
0x000000000d1e2000 	/System/Library/Frameworks/OpenGL.framework/Versions/A/OpenGL
0x000000000d1e2000 	/System/Library/Frameworks/ColorSync.framework/Versions/A/ColorSync
0x000000000d1e2000 	/System/Library/Frameworks/CoreImage.framework/Versions/A/CoreImage
0x000000000d1e2000 	/System/Library/Frameworks/CoreText.framework/Versions/A/CoreText
0x000000000d1e2000 	/System/Library/Frameworks/ImageIO.framework/Versions/A/ImageIO
0x000000000d1e2000 	/System/Library/PrivateFrameworks/Backup.framework/Versions/A/Backup
0x000000000d1e2000 	/usr/lib/libarchive.2.dylib
0x000000000d1e2000 	/System/Library/Frameworks/CFNetwork.framework/Versions/A/CFNetwork
0x000000000d1e2000 	/System/Library/Frameworks/SystemConfiguration.framework/Versions/A/SystemConfiguration
0x000000000d1e2000 	/usr/lib/libCRFSuite.dylib
0x000000000d1e2000 	/usr/lib/libc++.1.dylib
0x000000000d1e2000 	/usr/lib/libc++abi.dylib
0x000000000d1e2000 	/usr/lib/system/libcache.dylib
0x000000000d1e2000 	/usr/lib/system/libcommonCrypto.dylib
0x000000000d1e2000 	/usr/lib/system/libcompiler_rt.dylib
0x000000000d1e2000 	/usr/lib/system/libcopyfile.dylib
0x000000000d1e2000 	/usr/lib/system/libcorecrypto.dylib
0x000000000d1e2000 	/usr/lib/system/libdispatch.dylib
0x000000000d1e2000 	/usr/lib/system/libdyld.dylib
0x000000000d1e2000 	/usr/lib/system/libkeymgr.dylib
0x000000000d1e2000 	/usr/lib/system/liblaunch.dylib
0x000000000d1e2000 	/usr/lib/system/libmacho.dylib
0x000000000d1e2000 	/usr/lib/system/libquarantine.dylib
0x000000000d1e2000 	/usr/lib/system/libremovefile.dylib
0x000000000d1e2000 	/usr/lib/system/libsystem_asl.dylib
0x000000000d1e2000 	/usr/lib/system/libsystem_blocks.dylib
0x000000000d1e2000 	/usr/lib/system/libsystem_c.dylib
0x000000000d1e2000 	/usr/lib/system/libsystem_configuration.dylib
0x000000000d1e2000 	/usr/lib/system/libsystem_coreservices.dylib
0x000000000d1e2000 	/usr/lib/system/libsystem_darwin.dylib
0x000000000d1e2000 	/usr/lib/system/libsystem_dnssd.dylib
0x000000000d1e2000 	/usr/lib/system/libsystem_info.dylib
0x000000000d1e2000 	/usr/lib/system/libsystem_m.dylib
0x000000000d1e2000 	/usr/lib/system/libsystem_malloc.dylib
0x000000000d1e2000 	/usr/lib/system/libsystem_network.dylib
0x000000000d1e2000 	/usr/lib/system/libsystem_networkextension.dylib
0x000000000d1e2000 	/usr/lib/system/libsystem_notify.dylib
0x000000000d1e2000 	/usr/lib/system/libsystem_sandbox.dylib
0x000000000d1e2000 	/usr/lib/system/libsystem_secinit.dylib
0x000000000d1e2000 	/usr/lib/system/libsystem_kernel.dylib
0x000000000d1e2000 	/usr/lib/system/libsystem_platform.dylib
0x000000000d1e2000 	/usr/lib/system/libsystem_pthread.dylib
0x000000000d1e2000 	/usr/lib/system/libsystem_symptoms.dylib
0x000000000d1e2000 	/usr/lib/system/libsystem_trace.dylib
0x000000000d1e2000 	/usr/lib/system/libunwind.dylib
0x000000000d1e2000 	/usr/lib/system/libxpc.dylib
0x000000000d1e2000 	/usr/lib/closure/libclosured.dylib
0x000000000d1e2000 	/usr/lib/libbsm.0.dylib
0x000000000d1e2000 	/usr/lib/system/libkxld.dylib
0x000000000d1e2000 	/usr/lib/libOpenScriptingUtil.dylib
0x000000000d1e2000 	/usr/lib/libcoretls.dylib
0x000000000d1e2000 	/usr/lib/libcoretls_cfhelpers.dylib
0x000000000d1e2000 	/usr/lib/libpam.2.dylib
0x000000000d1e2000 	/usr/lib/libsqlite3.dylib
0x000000000d1e2000 	/usr/lib/libxar.1.dylib
0x000000000d1e2000 	/usr/lib/libbz2.1.0.dylib
0x000000000d1e2000 	/usr/lib/liblzma.5.dylib
0x000000000d1e2000 	/usr/lib/libnetwork.dylib
0x000000000d1e2000 	/usr/lib/libapple_nghttp2.dylib
0x000000000d1e2000 	/usr/lib/libpcap.A.dylib
0x000000000d1e2000 	/usr/lib/libboringssl.dylib
0x000000000d1e2000 	/usr/lib/libusrtcp.dylib
0x000000000d1e2000 	/usr/lib/libapple_crypto.dylib
0x000000000d1e2000 	/System/Library/Frameworks/CoreServices.framework/Versions/A/Frameworks/FSEvents.framework/Versions/A/FSEvents
0x000000000d1e2000 	/System/Library/Frameworks/CoreServices.framework/Versions/A/Frameworks/CarbonCore.framework/Versions/A/CarbonCore
0x000000000d1e2000 	/System/Library/Frameworks/CoreServices.framework/Versions/A/Frameworks/Metadata.framework/Versions/A/Metadata
0x000000000d1e2000 	/System/Library/Frameworks/CoreServices.framework/Versions/A/Frameworks/OSServices.framework/Versions/A/OSServices
0x000000000d1e2000 	/System/Library/Frameworks/CoreServices.framework/Versions/A/Frameworks/SearchKit.framework/Versions/A/SearchKit
0x000000000d1e2000 	/System/Library/Frameworks/CoreServices.framework/Versions/A/Frameworks/AE.framework/Versions/A/AE
0x000000000d1e2000 	/System/Library/Frameworks/CoreServices.framework/Versions/A/Frameworks/LaunchServices.framework/Versions/A/LaunchServices
0x000000000d1e2000 	/System/Library/Frameworks/CoreServices.framework/Versions/A/Frameworks/DictionaryServices.framework/Versions/A/DictionaryServices
0x000000000d1e2000 	/System/Library/Frameworks/CoreServices.framework/Versions/A/Frameworks/SharedFileList.framework/Versions/A/SharedFileList
0x000000000d1e2000 	/System/Library/Frameworks/NetFS.framework/Versions/A/NetFS
0x000000000d1e2000 	/System/Library/PrivateFrameworks/NetAuth.framework/Versions/A/NetAuth
0x000000000d1e2000 	/System/Library/PrivateFrameworks/login.framework/Versions/A/Frameworks/loginsupport.framework/Versions/A/loginsupport
0x000000000d1e2000 	/System/Library/PrivateFrameworks/TCC.framework/Versions/A/TCC
0x000000000d1e2000 	/usr/lib/libmecabra.dylib
0x000000000d1e2000 	/System/Library/Frameworks/ApplicationServices.framework/Versions/A/Frameworks/ATS.framework/Versions/A/ATS
0x000000000d1e2000 	/System/Library/Frameworks/ApplicationServices.framework/Versions/A/Frameworks/ColorSyncLegacy.framework/Versions/A/ColorSyncLegacy
0x000000000d1e2000 	/System/Library/Frameworks/ApplicationServices.framework/Versions/A/Frameworks/HIServices.framework/Versions/A/HIServices
0x000000000d1e2000 	/System/Library/Frameworks/ApplicationServices.framework/Versions/A/Frameworks/LangAnalysis.framework/Versions/A/LangAnalysis
0x000000000d1e2000 	/System/Library/Frameworks/ApplicationServices.framework/Versions/A/Frameworks/PrintCore.framework/Versions/A/PrintCore
0x000000000d1e2000 	/System/Library/Frameworks/ApplicationServices.framework/Versions/A/Frameworks/QD.framework/Versions/A/QD
0x000000000d1e2000 	/System/Library/Frameworks/ApplicationServices.framework/Versions/A/Frameworks/SpeechSynthesis.framework/Versions/A/SpeechSynthesis
0x000000000d1e2000 	/System/Library/Frameworks/CoreDisplay.framework/Versions/A/CoreDisplay
0x000000000d1e2000 	/System/Library/Frameworks/Accelerate.framework/Versions/A/Frameworks/vImage.framework/Versions/A/vImage
0x000000000d1e2000 	/System/Library/Frameworks/Accelerate.framework/Versions/A/Frameworks/vecLib.framework/Versions/A/vecLib
0x000000000d1e2000 	/System/Library/Frameworks/Accelerate.framework/Versions/A/Frameworks/vecLib.framework/Versions/A/libvDSP.dylib
0x000000000d1e2000 	/System/Library/Frameworks/Accelerate.framework/Versions/A/Frameworks/vecLib.framework/Versions/A/libBNNS.dylib
0x000000000d1e2000 	/System/Library/Frameworks/Accelerate.framework/Versions/A/Frameworks/vecLib.framework/Versions/A/libQuadrature.dylib
0x000000000d1e2000 	/System/Library/Frameworks/Accelerate.framework/Versions/A/Frameworks/vecLib.framework/Versions/A/libvMisc.dylib
0x000000000d1e2000 	/System/Library/Frameworks/Accelerate.framework/Versions/A/Frameworks/vecLib.framework/Versions/A/libLAPACK.dylib
0x000000000d1e2000 	/System/Library/Frameworks/Accelerate.framework/Versions/A/Frameworks/vecLib.framework/Versions/A/libBLAS.dylib
0x000000000d1e2000 	/System/Library/Frameworks/Accelerate.framework/Versions/A/Frameworks/vecLib.framework/Versions/A/libLinearAlgebra.dylib
0x000000000d1e2000 	/System/Library/Frameworks/Accelerate.framework/Versions/A/Frameworks/vecLib.framework/Versions/A/libSparse.dylib
0x000000000d1e2000 	/System/Library/Frameworks/Accelerate.framework/Versions/A/Frameworks/vecLib.framework/Versions/A/libSparseBLAS.dylib
0x000000000d1e2000 	/System/Library/PrivateFrameworks/IOAccelerator.framework/Versions/A/IOAccelerator
0x000000000d1e2000 	/System/Library/PrivateFrameworks/IOPresentment.framework/Versions/A/IOPresentment
0x000000000d1e2000 	/System/Library/PrivateFrameworks/DSExternalDisplay.framework/Versions/A/DSExternalDisplay
0x000000000d1e2000 	/System/Library/Frameworks/OpenGL.framework/Versions/A/Libraries/libCoreFSCache.dylib
0x000000000d1e2000 	/System/Library/Frameworks/CoreVideo.framework/Versions/A/CoreVideo
0x000000000d1e2000 	/System/Library/PrivateFrameworks/GraphVisualizer.framework/Versions/A/GraphVisualizer
0x000000000d1e2000 	/System/Library/Frameworks/MetalPerformanceShaders.framework/Versions/A/MetalPerformanceShaders
0x000000000d1e2000 	/usr/lib/libFosl_dynamic.dylib
0x000000000d1e2000 	/System/Library/PrivateFrameworks/FaceCore.framework/Versions/A/FaceCore
0x000000000d1e2000 	/System/Library/Frameworks/OpenCL.framework/Versions/A/OpenCL
0x000000000d1e2000 	/usr/lib/libcompression.dylib
0x000000000d1e2000 	/System/Library/Frameworks/ApplicationServices.framework/Versions/A/Frameworks/ATS.framework/Versions/A/Resources/libFontParser.dylib
0x000000000d1e2000 	/System/Library/Frameworks/ApplicationServices.framework/Versions/A/Frameworks/ATS.framework/Versions/A/Resources/libFontRegistry.dylib
0x000000000d1e2000 	/System/Library/Frameworks/ImageIO.framework/Versions/A/Resources/libJPEG.dylib
0x000000000d1e2000 	/System/Library/Frameworks/ImageIO.framework/Versions/A/Resources/libTIFF.dylib
0x000000000d1e2000 	/System/Library/Frameworks/ImageIO.framework/Versions/A/Resources/libPng.dylib
0x000000000d1e2000 	/System/Library/Frameworks/ImageIO.framework/Versions/A/Resources/libGIF.dylib
0x000000000d1e2000 	/System/Library/Frameworks/ImageIO.framework/Versions/A/Resources/libJP2.dylib
0x000000000d1e2000 	/System/Library/Frameworks/ImageIO.framework/Versions/A/Resources/libRadiance.dylib
0x000000000d1e2000 	/System/Library/PrivateFrameworks/AppleJPEG.framework/Versions/A/AppleJPEG
0x000000000d1e2000 	/System/Library/PrivateFrameworks/MetalTools.framework/Versions/A/MetalTools
0x000000000d1e2000 	/System/Library/Frameworks/MetalPerformanceShaders.framework/Frameworks/MPSCore.framework/Versions/A/MPSCore
0x000000000d1e2000 	/System/Library/Frameworks/MetalPerformanceShaders.framework/Frameworks/MPSImage.framework/Versions/A/MPSImage
0x000000000d1e2000 	/System/Library/Frameworks/MetalPerformanceShaders.framework/Frameworks/MPSMatrix.framework/Versions/A/MPSMatrix
0x000000000d1e2000 	/System/Library/Frameworks/MetalPerformanceShaders.framework/Frameworks/MPSNeuralNetwork.framework/Versions/A/MPSNeuralNetwork
0x000000000d1e2000 	/System/Library/Frameworks/OpenGL.framework/Versions/A/Libraries/libGLU.dylib
0x000000000d1e2000 	/System/Library/Frameworks/OpenGL.framework/Versions/A/Libraries/libGFXShared.dylib
0x000000000d1e2000 	/System/Library/Frameworks/OpenGL.framework/Versions/A/Libraries/libGL.dylib
0x000000000d1e2000 	/System/Library/Frameworks/OpenGL.framework/Versions/A/Libraries/libGLImage.dylib
0x000000000d1e2000 	/System/Library/Frameworks/OpenGL.framework/Versions/A/Libraries/libCVMSPluginSupport.dylib
0x000000000d1e2000 	/System/Library/Frameworks/OpenGL.framework/Versions/A/Libraries/libCoreVMClient.dylib
0x000000000d1e2000 	/usr/lib/libcups.2.dylib
0x000000000d1e2000 	/System/Library/Frameworks/Kerberos.framework/Versions/A/Kerberos
0x000000000d1e2000 	/System/Library/Frameworks/GSS.framework/Versions/A/GSS
0x000000000d1e2000 	/usr/lib/libresolv.9.dylib
0x000000000d1e2000 	/usr/lib/libiconv.2.dylib
0x000000000d1e2000 	/System/Library/PrivateFrameworks/Heimdal.framework/Versions/A/Heimdal
0x000000000d1e2000 	/usr/lib/libheimdal-asn1.dylib
0x000000000d1e2000 	/System/Library/Frameworks/OpenDirectory.framework/Versions/A/OpenDirectory
0x000000000d1e2000 	/System/Library/PrivateFrameworks/CommonAuth.framework/Versions/A/CommonAuth
0x000000000d1e2000 	/System/Library/Frameworks/OpenDirectory.framework/Versions/A/Frameworks/CFOpenDirectory.framework/Versions/A/CFOpenDirectory
0x000000000d1e2000 	/System/Library/Frameworks/SecurityFoundation.framework/Versions/A/SecurityFoundation
0x000000000d1e2000 	/System/Library/PrivateFrameworks/APFS.framework/Versions/A/APFS
0x000000000d1e2000 	/usr/lib/libutil.dylib
0x000000000d1e2000 	/System/Library/PrivateFrameworks/AppleSauce.framework/Versions/A/AppleSauce
0x000000000d1e2000 	/System/Library/PrivateFrameworks/LinguisticData.framework/Versions/A/LinguisticData
0x000000000d1e2000 	/usr/lib/libmarisa.dylib
0x000000000d1e2000 	/System/Library/PrivateFrameworks/Lexicon.framework/Versions/A/Lexicon
0x000000000d1e2000 	/usr/lib/libChineseTokenizer.dylib
0x000000000d1e2000 	/usr/lib/libcmph.dylib
0x000000000d1e2000 	/System/Library/PrivateFrameworks/LanguageModeling.framework/Versions/A/LanguageModeling
0x000000000d1e2000 	/System/Library/PrivateFrameworks/CoreEmoji.framework/Versions/A/CoreEmoji
0x000000000d1e2000 	/System/Library/Frameworks/ServiceManagement.framework/Versions/A/ServiceManagement
0x000000000d1e2000 	/System/Library/PrivateFrameworks/BackgroundTaskManagement.framework/Versions/A/BackgroundTaskManagement
0x000000000d1e2000 	/usr/lib/libxslt.1.dylib
0x000000000d1e2000 	/System/Library/Frameworks/Carbon.framework/Versions/A/Frameworks/Ink.framework/Versions/A/Ink
0x000000000d1e2000 	/System/Library/PrivateFrameworks/TextureIO.framework/Versions/A/TextureIO
0x000000000d1e2000 	/usr/lib/libate.dylib
0x000000000d1e2000 	/System/Library/PrivateFrameworks/CrashReporterSupport.framework/Versions/A/CrashReporterSupport
0x000000000d1e2000 	/System/Library/PrivateFrameworks/Sharing.framework/Versions/A/Sharing
0x000000000d1e2000 	/System/Library/PrivateFrameworks/IconServices.framework/Versions/A/IconServices
0x000000000d1e2000 	/System/Library/PrivateFrameworks/ProtocolBuffer.framework/Versions/A/ProtocolBuffer
0x000000000d1e2000 	/System/Library/PrivateFrameworks/Apple80211.framework/Versions/A/Apple80211
0x000000000d1e2000 	/System/Library/Frameworks/CoreWLAN.framework/Versions/A/CoreWLAN
0x000000000d1e2000 	/System/Library/PrivateFrameworks/CoreUtils.framework/Versions/A/CoreUtils
0x000000000d1e2000 	/System/Library/Frameworks/IOBluetooth.framework/Versions/A/IOBluetooth
0x000000000d1e2000 	/System/Library/PrivateFrameworks/CoreWiFi.framework/Versions/A/CoreWiFi
0x000000000d1e2000 	/System/Library/Frameworks/CoreBluetooth.framework/Versions/A/CoreBluetooth
0x000000000d1e2000 	/System/Library/PrivateFrameworks/SignpostNotification.framework/Versions/A/SignpostNotification
0x000000000d1e2000 	/System/Library/PrivateFrameworks/DebugSymbols.framework/Versions/A/DebugSymbols
0x000000000d1e2000 	/System/Library/PrivateFrameworks/CoreSymbolication.framework/Versions/A/CoreSymbolication
0x000000000d1e2000 	/System/Library/PrivateFrameworks/Symbolication.framework/Versions/A/Symbolication
0x000000000d1e2000 	/System/Library/PrivateFrameworks/AppleFSCompression.framework/Versions/A/AppleFSCompression
0x000000000d1e2000 	/System/Library/PrivateFrameworks/SpeechRecognitionCore.framework/Versions/A/SpeechRecognitionCore
0x000000010d8a8000 	/Applications/IBM/SPSS/Statistics/25/SPSSStatistics.app/Contents/JRE/lib/jli/libjli.dylib
0x000000000d1e2000 	/System/Library/PrivateFrameworks/CoreServicesInternal.framework/Versions/A/CoreServicesInternal
0x000000010e200000 	/Applications/IBM/SPSS/Statistics/25/SPSSStatistics.app/Contents/JRE//lib/server/libjvm.dylib
0x000000010d942000 	/Applications/IBM/SPSS/Statistics/25/SPSSStatistics.app/Contents/JRE/lib/libverify.dylib
0x000000010d950000 	/Applications/IBM/SPSS/Statistics/25/SPSSStatistics.app/Contents/JRE/lib/libjava.dylib
0x000000010d9cf000 	/Applications/IBM/SPSS/Statistics/25/SPSSStatistics.app/Contents/JRE/lib/libzip.dylib
0x000000000d1e2000 	/System/Library/Frameworks/JavaVM.framework/Versions/A/Frameworks/JavaRuntimeSupport.framework/Versions/A/JavaRuntimeSupport
0x000000000d1e2000 	/System/Library/Frameworks/JavaVM.framework/Versions/A/Frameworks/JavaNativeFoundation.framework/Versions/A/JavaNativeFoundation
0x000000000d1e2000 	/System/Library/Frameworks/JavaVM.framework/Versions/A/JavaVM
0x000000000d1e2000 	/System/Library/Frameworks/Carbon.framework/Versions/A/Carbon
0x000000000d1e2000 	/System/Library/PrivateFrameworks/JavaLaunching.framework/Versions/A/JavaLaunching
0x000000000d1e2000 	/System/Library/Frameworks/Carbon.framework/Versions/A/Frameworks/CommonPanels.framework/Versions/A/CommonPanels
0x000000000d1e2000 	/System/Library/Frameworks/Carbon.framework/Versions/A/Frameworks/Help.framework/Versions/A/Help
0x000000000d1e2000 	/System/Library/Frameworks/Carbon.framework/Versions/A/Frameworks/ImageCapture.framework/Versions/A/ImageCapture
0x000000000d1e2000 	/System/Library/Frameworks/Carbon.framework/Versions/A/Frameworks/OpenScripting.framework/Versions/A/OpenScripting
0x000000000d1e2000 	/System/Library/Frameworks/Carbon.framework/Versions/A/Frameworks/Print.framework/Versions/A/Print
0x000000000d1e2000 	/System/Library/Frameworks/Carbon.framework/Versions/A/Frameworks/SecurityHI.framework/Versions/A/SecurityHI
0x0000000114d2b000 	/Applications/IBM/SPSS/Statistics/25/SPSSStatistics.app/Contents/lib/libspssenvp.dylib
0x000000012579b000 	/Applications/IBM/SPSS/Statistics/25/SPSSStatistics.app/Contents/lib/libplatdep.dylib
0x0000000114d2f000 	/Applications/IBM/SPSS/Statistics/25/SPSSStatistics.app/Contents/lib/libsockbsd.dylib
0x00000001257e5000 	/Applications/IBM/SPSS/Statistics/25/SPSSStatistics.app/Contents/lib/libsfthread.dylib
0x00000001257f4000 	/Applications/IBM/SPSS/Statistics/25/SPSSStatistics.app/Contents/lib/libvserial.dylib
0x0000000114d3b000 	/Applications/IBM/SPSS/Statistics/25/SPSSStatistics.app/Contents/lib/libvutility.dylib
0x000000012580a000 	/Applications/IBM/SPSS/Statistics/25/SPSSStatistics.app/Contents/lib/libicuuc.51.2.dylib
0x00000001259e4000 	/Applications/IBM/SPSS/Statistics/25/SPSSStatistics.app/Contents/lib/libicui18n.51.2.dylib
0x0000000125cb4000 	/Applications/IBM/SPSS/Statistics/25/SPSSStatistics.app/Contents/lib/libifcoremt.dylib
0x0000000125e2a000 	/Applications/IBM/SPSS/Statistics/25/SPSSStatistics.app/Contents/lib/libimf.dylib
0x0000000126147000 	/Applications/IBM/SPSS/Statistics/25/SPSSStatistics.app/Contents/lib/libsvml.dylib
0x0000000126c3d000 	/Applications/IBM/SPSS/Statistics/25/SPSSStatistics.app/Contents/lib/libintlc.dylib
0x0000000126c88000 	/Applications/IBM/SPSS/Statistics/25/SPSSStatistics.app/Contents/lib/libxerces-c-3.1.dylib
0x0000000127061000 	/Applications/IBM/SPSS/Statistics/25/SPSSStatistics.app/Contents/lib/libicudata.51.2.dylib
0x00000001285ad000 	/Applications/IBM/SPSS/Statistics/25/SPSSStatistics.app/Contents/JRE/lib/libmanagement.dylib
0x00000001285bb000 	/Applications/IBM/SPSS/Statistics/25/SPSSStatistics.app/Contents/JRE/lib/libnet.dylib
0x000000012954d000 	/Applications/IBM/SPSS/Statistics/25/SPSSStatistics.app/Contents/JRE/lib/libosx.dylib
0x000000012955b000 	/Applications/IBM/SPSS/Statistics/25/SPSSStatistics.app/Contents/JRE/lib/./libosxapp.dylib
0x000000000d1e2000 	/System/Library/Frameworks/ExceptionHandling.framework/Versions/A/ExceptionHandling
0x0000000129897000 	/Applications/IBM/SPSS/Statistics/25/SPSSStatistics.app/Contents/JRE/lib/libawt.dylib
0x000000012993f000 	/Applications/IBM/SPSS/Statistics/25/SPSSStatistics.app/Contents/JRE/lib/./libmlib_image.dylib
0x0000000129a2d000 	/Applications/IBM/SPSS/Statistics/25/SPSSStatistics.app/Contents/JRE/lib/libawt_lwawt.dylib
0x000000000d1e2000 	/System/Library/CoreServices/RawCamera.bundle/Contents/MacOS/RawCamera
0x000000000d1e2000 	/System/Library/PrivateFrameworks/MobileAsset.framework/Versions/A/MobileAsset
0x000000000d1e2000 	/System/Library/PrivateFrameworks/StreamingZip.framework/Versions/A/StreamingZip
0x000000000d1e2000 	/System/Library/Frameworks/MediaToolbox.framework/Versions/A/MediaToolbox
0x000000000d1e2000 	/System/Library/PrivateFrameworks/CoreAVCHD.framework/Versions/A/CoreAVCHD
0x000000000d1e2000 	/System/Library/Frameworks/MediaAccessibility.framework/Versions/A/MediaAccessibility
0x000000000d1e2000 	/System/Library/PrivateFrameworks/Mangrove.framework/Versions/A/Mangrove
0x000000000d1e2000 	/System/Library/Frameworks/CoreMedia.framework/Versions/A/CoreMedia
0x000000000d1e2000 	/System/Library/Frameworks/VideoToolbox.framework/Versions/A/VideoToolbox
0x000000000d1e2000 	/System/Library/PrivateFrameworks/CoreAUC.framework/Versions/A/CoreAUC
0x000000000d1e2000 	/usr/lib/libspindump.dylib
0x000000000d1e2000 	/usr/lib/libdscsym.dylib
0x000000000d1e2000 	/System/Library/PrivateFrameworks/AppleVA.framework/Versions/A/AppleVA
0x000000000d1e2000 	/System/Library/Frameworks/Accelerate.framework/Versions/A/Frameworks/vImage.framework/Versions/A/Libraries/libCGInterfaces.dylib
0x000000000d1e2000 	/System/Library/Frameworks/ApplicationServices.framework/Versions/A/Frameworks/ATS.framework/Versions/A/Resources/libTrueTypeScaler.dylib
0x000000000d1e2000 	/System/Library/Frameworks/OpenGL.framework/Versions/A/Resources/GLEngine.bundle/GLEngine
0x000000000d1e2000 	/System/Library/Frameworks/OpenGL.framework/Versions/A/Libraries/libGLProgrammability.dylib
0x000000012bd7c000 	/System/Library/Extensions/AppleIntelHD5000GraphicsGLDriver.bundle/Contents/MacOS/AppleIntelHD5000GraphicsGLDriver
0x000000000d1e2000 	/System/Library/PrivateFrameworks/GPUSupport.framework/Versions/A/Libraries/libGPUSupportMercury.dylib
0x000000000d1e2000 	/System/Library/Frameworks/OpenGL.framework/Versions/A/Resources/GLRendererFloat.bundle/GLRendererFloat
0x000000000d1e2000 	/System/Library/Frameworks/OpenCL.framework/Versions/A/Libraries/libcldcpuengine.dylib
0x000000000d1e2000 	/usr/lib/libcrypto.35.dylib
0x000000000d1e2000 	/System/Library/PrivateFrameworks/TrustEvaluationAgent.framework/Versions/A/TrustEvaluationAgent
0x000000000d1e2000 	/System/Library/Extensions/AppleIntelHD5000GraphicsMTLDriver.bundle/Contents/MacOS/AppleIntelHD5000GraphicsMTLDriver
0x000000000d1e2000 	/System/Library/PrivateFrameworks/GPUCompiler.framework/Versions/3802/Libraries/libmetal_timestamp.dylib
0x000000000d1e2000 	/System/Library/PrivateFrameworks/FamilyControls.framework/Versions/A/FamilyControls
0x000000000d1e2000 	/System/Library/PrivateFrameworks/CommerceKit.framework/Versions/A/Frameworks/CommerceCore.framework/Versions/A/CommerceCore
0x000000000d1e2000 	/System/Library/PrivateFrameworks/SystemAdministration.framework/Versions/A/SystemAdministration
0x000000000d1e2000 	/System/Library/PrivateFrameworks/AppContainer.framework/Versions/A/AppContainer
0x000000000d1e2000 	/System/Library/PrivateFrameworks/SecCodeWrapper.framework/Versions/A/SecCodeWrapper
0x000000000d1e2000 	/System/Library/PrivateFrameworks/DiskManagement.framework/Versions/A/DiskManagement
0x000000000d1e2000 	/System/Library/Frameworks/DirectoryService.framework/Versions/A/DirectoryService
0x000000000d1e2000 	/System/Library/PrivateFrameworks/DiskImages.framework/Versions/A/DiskImages
0x000000000d1e2000 	/System/Library/PrivateFrameworks/LoginUIKit.framework/Versions/A/Frameworks/LoginUICore.framework/Versions/A/LoginUICore
0x000000000d1e2000 	/usr/lib/libCoreStorage.dylib
0x000000000d1e2000 	/usr/lib/libcsfde.dylib
0x000000000d1e2000 	/usr/lib/libodfde.dylib
0x000000000d1e2000 	/System/Library/PrivateFrameworks/MediaKit.framework/Versions/A/MediaKit
0x000000000d1e2000 	/System/Library/Frameworks/DiscRecording.framework/Versions/A/DiscRecording
0x000000000d1e2000 	/System/Library/PrivateFrameworks/EFILogin.framework/Versions/A/EFILogin
0x000000000d1e2000 	/System/Library/PrivateFrameworks/ProtectedCloudStorage.framework/Versions/A/ProtectedCloudStorage
0x000000000d1e2000 	/usr/lib/libcurl.4.dylib
0x000000000d1e2000 	/usr/lib/libssl.35.dylib
0x000000000d1e2000 	/System/Library/Frameworks/LDAP.framework/Versions/A/LDAP
0x000000000d1e2000 	/usr/lib/libsasl2.2.dylib
0x000000000d1e2000 	/System/Library/PrivateFrameworks/CoreDaemon.framework/Versions/B/CoreDaemon
0x000000000d1e2000 	/System/Library/PrivateFrameworks/AppleSRP.framework/Versions/A/AppleSRP
0x000000000d1e2000 	/System/Library/PrivateFrameworks/ViewBridge.framework/Versions/A/ViewBridge
0x000000012a038000 	/Applications/IBM/SPSS/Statistics/25/SPSSStatistics.app/Contents/JRE/lib/libnio.dylib
0x000000012b668000 	/Applications/IBM/SPSS/Statistics/25/SPSSStatistics.app/Contents/JRE/lib/libfontmanager.dylib
0x0000000196f9c000 	/Applications/IBM/SPSS/Statistics/25/SPSSStatistics.app/Contents/JRE/lib/libosxui.dylib
0x0000000197e0a000 	/Applications/IBM/SPSS/Statistics/25/SPSSStatistics.app/Contents/lib/libspssstat.dylib
0x0000000198266000 	/Applications/IBM/SPSS/Statistics/25/SPSSStatistics.app/Contents/lib/libjniviewer.dylib
0x0000000129616000 	/Applications/IBM/SPSS/Statistics/25/SPSSStatistics.app/Contents/lib/libtempdir.dylib
0x0000000198302000 	/Applications/IBM/SPSS/Statistics/25/SPSSStatistics.app/Contents/lib/libomfactry.dylib
0x0000000197d62000 	/Applications/IBM/SPSS/Statistics/25/SPSSStatistics.app/Contents/lib/libomcell.dylib
0x00000001983a8000 	/Applications/IBM/SPSS/Statistics/25/SPSSStatistics.app/Contents/lib/libomtree.dylib
0x0000000129af8000 	/Applications/IBM/SPSS/Statistics/25/SPSSStatistics.app/Contents/lib/libspssjni.dylib
0x0000000129aff000 	/Applications/IBM/SPSS/Statistics/25/SPSSStatistics.app/Contents/lib/libspssjvm.dylib
0x0000000197d85000 	/Applications/IBM/SPSS/Statistics/25/SPSSStatistics.app/Contents/lib/libspsswmsg.dylib
0x00000001983e3000 	/Applications/IBM/SPSS/Statistics/25/SPSSStatistics.app/Contents/lib/libstrtable.dylib
0x000000019aaa6000 	/Applications/IBM/SPSS/Statistics/25/SPSSStatistics.app/Contents/lib/libspsswlib.dylib
0x00000001983f3000 	/Applications/IBM/SPSS/Statistics/25/SPSSStatistics.app/Contents/lib/libspssiocv.dylib
0x0000000198627000 	/Applications/IBM/SPSS/Statistics/25/SPSSStatistics.app/Contents/lib/libgsk8iccs.dylib
0x0000000198699000 	/Applications/IBM/SPSS/Statistics/25/SPSSStatistics.app/Contents/lib/libdatasrc.dylib
0x0000000129b0c000 	/Applications/IBM/SPSS/Statistics/25/SPSSStatistics.app/Contents/lib/libsvrerrs.dylib
0x0000000198428000 	/Applications/IBM/SPSS/Statistics/25/SPSSStatistics.app/Contents/lib/libspsspool.dylib
0x000000019873d000 	/Applications/IBM/SPSS/Statistics/25/SPSSStatistics.app/Contents/lib/libmccomsps.dylib
0x0000000198840000 	/Applications/IBM/SPSS/Statistics/25/SPSSStatistics.app/Contents/lib/libsvrdmgr.dylib
0x0000000129b1d000 	/Applications/IBM/SPSS/Statistics/25/SPSSStatistics.app/Contents/lib/libmcbstsps.dylib
0x0000000198861000 	/Applications/IBM/SPSS/Statistics/25/SPSSStatistics.app/Contents/lib/libzlib1211spss.dylib
0x0000000198462000 	/Applications/IBM/SPSS/Statistics/25/SPSSStatistics.app/Contents/lib/libdatastr.dylib
0x000000019851a000 	/Applications/IBM/SPSS/Statistics/25/SPSSStatistics.app/Contents/lib/libstacrypt.dylib
0x000000012b8b5000 	/Applications/IBM/SPSS/Statistics/25/SPSSStatistics.app/Contents/lib/libspssmsgs.dylib
0x000000008b901000 	/Applications/IBM/SPSS/Statistics/25/SPSSStatistics.app/Contents/Library/Frameworks/Sentinel.framework/Versions/A/Sentinel
0x000000019a96e000 	/Applications/IBM/SPSS/Statistics/25/SPSSStatistics.app/Contents/Library/Frameworks/SuperPro.framework/Versions/A/SuperPro
0x0000000129734000 	/Applications/IBM/SPSS/Statistics/25/SPSSStatistics.app/Contents/lib/libcpuinfo.dylib
0x0000000129b14000 	/Applications/IBM/SPSS/Statistics/25/SPSSStatistics.app/Contents/lib/libreadonly.dylib
0x000000012b8ba000 	/Applications/IBM/SPSS/Statistics/25/SPSSStatistics.app/Contents/lib/libcmddata.dylib
0x000000019ce6a000 	/Applications/IBM/SPSS/Statistics/25/SPSSStatistics.app/Contents/lib/libcvtrans.dylib
0x0000000197dad000 	/Applications/IBM/SPSS/Statistics/25/SPSSStatistics.app/Contents/lib/libtmsutil.dylib
0x000000019cebb000 	/Applications/IBM/SPSS/Statistics/25/SPSSStatistics.app/Contents/lib/libvizchart.dylib
0x000000019d0de000 	/Applications/IBM/SPSS/Statistics/25/SPSSStatistics.app/Contents/lib/libspssdemg.dylib
0x0000000165124000 	/Applications/IBM/SPSS/Statistics/25/SPSSStatistics.app/Contents/lib/libxalan-c.111.0.dylib
0x0000000158527000 	/Applications/IBM/SPSS/Statistics/25/SPSSStatistics.app/Contents/lib/libxalanMsg.111.0.dylib
0x000000019a984000 	/Applications/IBM/SPSS/Statistics/25/SPSSStatistics.app/Contents/lib/libindutil.dylib
0x000000019d76e000 	/Applications/IBM/SPSS/Statistics/25/SPSSStatistics.app/Contents/lib/libcpputil.dylib
0x000000019d7a9000 	/Applications/IBM/SPSS/Statistics/25/SPSSStatistics.app/Contents/common/ext/bin/spss.common/libscorelib850r.dylib
0x000000019d8aa000 	/Applications/IBM/SPSS/Statistics/25/SPSSStatistics.app/Contents/common/ext/bin/spss.common/libGeneralRegressionModel850r.dylib
0x000000019d91e000 	/Applications/IBM/SPSS/Statistics/25/SPSSStatistics.app/Contents/common/ext/bin/spss.common/libdiscriminant-model850r.dylib
0x000000019d93e000 	/Applications/IBM/SPSS/Statistics/25/SPSSStatistics.app/Contents/lib/libdedstore.dylib
0x000000019d959000 	/Applications/IBM/SPSS/Statistics/25/SPSSStatistics.app/Contents/lib/libfmsgs.dylib
0x000000019d98d000 	/Applications/IBM/SPSS/Statistics/25/SPSSStatistics.app/Contents/lib/libnetcom.dylib
0x000000019d9b5000 	/Applications/IBM/SPSS/Statistics/25/SPSSStatistics.app/Contents/lib/libfwutility.dylib
0x000000012ad18000 	/Applications/IBM/SPSS/Statistics/25/SPSSStatistics.app/Contents/JRE/lib/libsunec.dylib
0x000000000d1e2000 	/System/Library/PrivateFrameworks/CloudDocs.framework/Versions/A/CloudDocs
0x000000000d1e2000 	/System/Library/PrivateFrameworks/FileProvider.framework/Versions/A/FileProvider
0x000000000d1e2000 	/System/Library/PrivateFrameworks/SpotlightIndex.framework/Versions/A/SpotlightIndex
0x000000000d1e2000 	/System/Library/PrivateFrameworks/SymptomDiagnosticReporter.framework/Versions/A/SymptomDiagnosticReporter
0x000000000d1e2000 	/System/Library/PrivateFrameworks/GenerationalStorage.framework/Versions/A/GenerationalStorage
0x000000000d1e2000 	/System/Library/PrivateFrameworks/ChunkingLibrary.framework/Versions/A/ChunkingLibrary
0x000000000d1e2000 	/System/Library/PrivateFrameworks/CoreNLP.framework/Versions/A/CoreNLP
0x000000000d1e2000 	/usr/lib/libmecab.1.0.0.dylib
0x000000000d1e2000 	/usr/lib/libgermantok.dylib
0x000000000d1e2000 	/usr/lib/libThaiTokenizer.dylib
0x00000001984be000 	/Applications/IBM/SPSS/Statistics/25/SPSSStatistics.app/Contents/JRE/lib/libdcpr.dylib
0x000000000d1e2000 	/System/Library/PrivateFrameworks/Shortcut.framework/Versions/A/Shortcut
0x000000000d1e2000 	/System/Library/PrivateFrameworks/HelpData.framework/Versions/A/HelpData
0x000000000d1e2000 	/System/Library/PrivateFrameworks/login.framework/Versions/A/login

VM Arguments:
jvm_args: -Djava.library.path=/Applications/IBM/SPSS/Statistics/25/SPSSStatistics.app/Contents/lib:/Applications/IBM/SPSS/Statistics/25/SPSSStatistics.app/Contents/bin -Xms32M -Xmx1536M -XX:NewRatio=2 -XX:NewSize=4M -Dspss.mac.ScreenDPI=72 -Dstatistics.home=/Applications/IBM/SPSS/Statistics/25/SPSSStatistics.app/Contents/bin -Djava.security.properties=/Applications/IBM/SPSS/Statistics/25/SPSSStatistics.app/Contents/bin/java.security -Dapplication.home=/Applications/IBM/SPSS/Statistics/25/SPSSStatistics.app/Contents/bin -Djava.library.path=/Applications/IBM/SPSS/Statistics/25/SPSSStatistics.app/Contents/bin:/Applications/IBM/SPSS/Statistics/25/SPSSStatistics.app/Contents/lib -Dmac_std_deployment.home=/Library/Application Support/IBM/SPSS/Statistics/25 -Dstd_deployment.home=/Applications/IBM/SPSS/Statistics/25/SPSSStatistics.app/Contents -Dcommon_deployment.home=/Applications/IBM/SPSS/Statistics/25/SPSSStatistics.app/Contents/common 
java_command: com.spss.java_client.core.common.Driver
java_class_path (initial): :/Applications/IBM/SPSS/Statistics/25/SPSSStatistics.app/Contents/bin/activation.jar:/Applications/IBM/SPSS/Statistics/25/SPSSStatistics.app/Contents/bin/analyticsLaf.jar:/Applications/IBM/SPSS/Statistics/25/SPSSStatistics.app/Contents/bin/axis.jar:/Applications/IBM/SPSS/Statistics/25/SPSSStatistics.app/Contents/bin/cads-util-common.jar:/Applications/IBM/SPSS/Statistics/25/SPSSStatistics.app/Contents/bin/castor-1.2.jar:/Applications/IBM/SPSS/Statistics/25/SPSSStatistics.app/Contents/bin/cf-tool.jar:/Applications/IBM/SPSS/Statistics/25/SPSSStatistics.app/Contents/bin/ChartEditor.jar:/Applications/IBM/SPSS/Statistics/25/SPSSStatistics.app/Contents/bin/ChartEditorRes.jar:/Applications/IBM/SPSS/Statistics/25/SPSSStatistics.app/Contents/bin/cobalt.jar:/Applications/IBM/SPSS/Statistics/25/SPSSStatistics.app/Contents/bin/com.ibm.json.JSON4J-1.0.jar:/Applications/IBM/SPSS/Statistics/25/SPSSStatistics.app/Contents/bin/commons-codec-1.4.jar:/Applications/IBM/SPSS/Statistics/25/SPSSStatistics.app/Contents/bin/commons-discovery-0.2.jar:/Applications/IBM/SPSS/Statistics/25/SPSSStatistics.app/Contents/bin/commons-lang-2.1.jar:/Applications/IBM/SPSS/Statistics/25/SPSSStatistics.app/Contents/bin/commons-logging-1.1.1.jar:/Applications/IBM/SPSS/Statistics/25/SPSSStatistics.app/Contents/bin/cop-client.jar:/Applications/IBM/SPSS/Statistics/25/SPSSStatistics.app/Contents/bin/cop-common.jar:/Applications/IBM/SPSS/Statistics/25/SPSSStatistics.app/Contents/bin/CoreTools.jar:/Applications/IBM/SPSS/Statistics/25/SPSSStatistics.app/Contents/bin/CustomDialogBuilder.jar:/Applications/IBM/SPSS/Statistics/25/SPSSStatistics.app/Contents/bin/CustomDialogBuilderRes.jar:/Applications/IBM/SPSS/Statistics/25/SPSSStatistics.app/Contents/bin/easadapter.jar:/Applications/IBM/SPSS/Statistics/25/SPSSStatistics.app/Contents/bin/easlocal.jar:/Applications/IBM/SPSS/Statistics/25/SPSSStatistics.app/Contents/bin/exacc.jar:/Applications/IBM/SPSS/Statistics/25/SPSSStatistics.app/Conte
Launcher Type: SUN_STANDARD

Environment Variables:
PATH=/Applications/IBM/SPSS/Statistics/25/SPSSStatistics.app/Contents/MacOS/../bin:/usr/bin:/bin:/usr/sbin:/sbin
SHELL=/bin/bash
DISPLAY=/private/tmp/com.apple.launchd.mk129IL7xY/org.macosforge.xquartz:0
DYLD_LIBRARY_PATH=/Applications/IBM/SPSS/Statistics/25/SPSSStatistics.app/Contents/MacOS/../lib:/Applications/IBM/SPSS/Statistics/25/SPSSStatistics.app/Contents/MacOS/../common/ext/bin/spss.common:/Applications/IBM/SPSS/Statistics/25/SPSSStatistics.app/Contents/MacOS/../ext/bin/spss.common:/Applications/IBM/SPSS/Statistics/25/SPSSStatistics.app/Contents/MacOS/../lib:/Applications/IBM/SPSS/Statistics/25/SPSSStatistics.app/Contents/MacOS/../Library/Frameworks/Sentinel.framework:/Applications/IBM/SPSS/Statistics/25/SPSSStatistics.app/Contents/MacOS/../Library/Frameworks/SuperPro.framework:/Applications/IBM/SPSS/Statistics/25/SPSSStatistics.app/Contents/MacOS/../JRE/lib/jli

Signal Handlers:
SIGSEGV: [libjvm.dylib+0x5b1141], sa_mask[0]=11111111011111110111111111111111, sa_flags=SA_ONSTACK|SA_RESTART|SA_SIGINFO
SIGBUS: [libjvm.dylib+0x5b1141], sa_mask[0]=11111111011111110111111111111111, sa_flags=SA_RESTART|SA_SIGINFO
SIGFPE: [libjvm.dylib+0x487bc4], sa_mask[0]=11111111011111110111111111111111, sa_flags=SA_RESTART|SA_SIGINFO
SIGPIPE: [libjvm.dylib+0x487bc4], sa_mask[0]=11111111011111110111111111111111, sa_flags=SA_RESTART|SA_SIGINFO
SIGXFSZ: [libjvm.dylib+0x487bc4], sa_mask[0]=11111111011111110111111111111111, sa_flags=SA_RESTART|SA_SIGINFO
SIGILL: [libjvm.dylib+0x487bc4], sa_mask[0]=11111111011111110111111111111111, sa_flags=SA_RESTART|SA_SIGINFO
SIGUSR1: SIG_DFL, sa_mask[0]=00000000000000000000000000000000, sa_flags=none
SIGUSR2: [libjvm.dylib+0x4876e2], sa_mask[0]=00000000000000000000000000000000, sa_flags=SA_RESTART|SA_SIGINFO
SIGHUP: [libjvm.dylib+0x485cb9], sa_mask[0]=11111111011111110111111111111111, sa_flags=SA_RESTART|SA_SIGINFO
SIGINT: [libjvm.dylib+0x485cb9], sa_mask[0]=11111111011111110111111111111111, sa_flags=SA_RESTART|SA_SIGINFO
SIGTERM: [libjvm.dylib+0x485cb9], sa_mask[0]=11111111011111110111111111111111, sa_flags=SA_RESTART|SA_SIGINFO
SIGQUIT: [libjvm.dylib+0x485cb9], sa_mask[0]=11111111011111110111111111111111, sa_flags=SA_RESTART|SA_SIGINFO


---------------  S Y S T E M  ---------------

OS:Bsduname:Darwin 17.3.0 Darwin Kernel Version 17.3.0: Thu Nov  9 18:09:22 PST 2017; root:xnu-4570.31.3~1/RELEASE_X86_64 x86_64
rlimit: STACK 8192k, CORE 0k, NPROC 1418, NOFILE 10240, AS infinity
load average:2.78 2.86 2.41

CPU:total 4 (2 cores per cpu, 2 threads per core) family 6 model 69 stepping 1, cmov, cx8, fxsr, mmx, sse, sse2, sse3, ssse3, sse4.1, sse4.2, popcnt, avx, avx2, aes, clmul, erms, lzcnt, ht, tsc, tscinvbit, bmi1, bmi2

Memory: 4k page, physical 16777216k(217524k free)

/proc/meminfo:


vm_info: Java HotSpot(TM) 64-Bit Server VM (25.121-b13) for bsd-amd64 JRE (1.8.0_121-b13), built on Dec 12 2016 20:39:32 by "java_re" with gcc 4.2.1 (Based on Apple Inc. build 5658) (LLVM build 2336.11.00)

time: Wed Aug  7 17:54:42 2019
elapsed time: 4516 seconds (0d 1h 15m 16s)

